-------------------------------------------------------
837902.342422. # from integral 844000.0, file BprimeBprime_M-1000_TuneCP5_PSweights_13TeV-madgraph-pythia8_BHBH_hadd.root
-------------------------------------------------------
842844.779838. # from integral 850000.0, file BprimeBprime_M-1100_TuneCP5_PSweights_13TeV-madgraph-pythia8_BHBH_hadd.root
-------------------------------------------------------
832838.867099. # from integral 844000.0, file BprimeBprime_M-1200_TuneCP5_PSweights_13TeV-madgraph-pythia8_BHBH_hadd.root
-------------------------------------------------------
836190.806787. # from integral 850000.0, file BprimeBprime_M-1300_TuneCP5_PSweights_13TeV-madgraph-pythia8_BHBH_hadd.root
-------------------------------------------------------
787197.450755. # from integral 810000.0, file BprimeBprime_M-1400_TuneCP5_PSweights_13TeV-madgraph-pythia8_BHBH_hadd.root
-------------------------------------------------------
809813.568622. # from integral 850000.0, file BprimeBprime_M-1500_TuneCP5_PSweights_13TeV-madgraph-pythia8_BHBH_hadd.root
-------------------------------------------------------
754591.51902. # from integral 810000.0, file BprimeBprime_M-1600_TuneCP5_PSweights_13TeV-madgraph-pythia8_BHBH_hadd.root
-------------------------------------------------------
736994.112268. # from integral 832000.0, file BprimeBprime_M-1700_TuneCP5_PSweights_13TeV-madgraph-pythia8_BHBH_hadd.root
-------------------------------------------------------
1369996.49937. # from integral 826000.0, file BprimeBprime_M-1800_TuneCP5_PSweights_13TeV-madgraph-pythia8_BHBH_hadd.root
-------------------------------------------------------
531762.0. # from integral 536416.0, file DYJetsToLL_M-50_HT-1200to2500_TuneCP5_PSweights_13TeV-madgraphMLM-pythia8_hadd.root
-------------------------------------------------------
Opening  5 files:
11206441.0. # from integral 11225887.0, file DYJetsToLL_M-50_HT-200to400_TuneCP5_PSweights_13TeV-madgraphMLM-pythia8_1_hadd.root
-------------------------------------------------------
415713.0. # from integral 427051.0, file DYJetsToLL_M-50_HT-2500toInf_TuneCP5_PSweights_13TeV-madgraphMLM-pythia8_hadd.root
-------------------------------------------------------
Opening  4 files:
9332233.0. # from integral 9358053.0, file DYJetsToLL_M-50_HT-400to600_TuneCP5_PSweights_13TeV-madgraphMLM-pythia8_1_hadd.root
-------------------------------------------------------
Opening  3 files:
8730819.0. # from integral 8763947.0, file DYJetsToLL_M-50_HT-600to800_TuneCP5_PSweights_13TeV-madgraphMLM-pythia8_1_hadd.root
-------------------------------------------------------
Opening  3 files:
3121975.0. # from integral 3138129.0, file DYJetsToLL_M-50_HT-800to1200_TuneCP5_PSweights_13TeV-madgraphMLM-pythia8_1_hadd.root
-------------------------------------------------------
15407797.0. # from integral 15466225.0, file QCD_HT1000to1500_TuneCP5_13TeV-madgraphMLM-pythia8_hadd.root
-------------------------------------------------------
10887751.0. # from integral 10955087.0, file QCD_HT1500to2000_TuneCP5_13TeV-madgraphMLM-pythia8_hadd.root
-------------------------------------------------------
5414545.0. # from integral 5475677.0, file QCD_HT2000toInf_TuneCP5_13TeV-madgraphMLM-pythia8_hadd.root
-------------------------------------------------------
Opening  2 files:
54251666.0. # from integral 54289442.0, file QCD_HT200to300_TuneCP5_13TeV-madgraphMLM-pythia8_1_hadd.root
-------------------------------------------------------
Opening  2 files:
53092715.0. # from integral 53151917.0, file QCD_HT300to500_TuneCP5_13TeV-madgraphMLM-pythia8_1_hadd.root
-------------------------------------------------------
Opening  2 files:
55056202.0. # from integral 55152960.0, file QCD_HT500to700_TuneCP5_13TeV-madgraphMLM-pythia8_1_hadd.root
-------------------------------------------------------
46433365.0. # from integral 46549317.0, file QCD_HT700to1000_TuneCP5_13TeV-madgraphMLM-pythia8_hadd.root
-------------------------------------------------------
Opening  4 files:
12458638.0. # from integral 19965000.0, file ST_s-channel_4f_leptonDecays_TuneCP5_13TeV-madgraph-pythia8_1_hadd.root
-------------------------------------------------------
Opening  2 files:
74227130.0. # from integral 79090800.0, file ST_t-channel_antitop_4f_InclusiveDecays_TuneCP5_13TeV-powheg-madspin-pythia8_1_hadd.root
-------------------------------------------------------
Opening  5 files:
144094782.0. # from integral 154307600.0, file ST_t-channel_top_4f_InclusiveDecays_TuneCP5_13TeV-powheg-madspin-pythia8_1_hadd.root
-------------------------------------------------------
7588180.0. # from integral 7623000.0, file ST_tW_antitop_5f_inclusiveDecays_TuneCP5_13TeV-powheg-pythia8_hadd.root
-------------------------------------------------------
Opening  3 files:
9553912.0. # from integral 9598000.0, file ST_tW_top_5f_inclusiveDecays_TuneCP5_13TeV-powheg-pythia8_1_hadd.root
-------------------------------------------------------
Opening  10 files:
63791484.0. # from integral 64310000.0, file TTTo2L2Nu_TuneCP5_13TeV-powheg-pythia8_Mtt0to700_1_hadd.root
-------------------------------------------------------
Opening  10 files:
63791484.0. # from integral 64310000.0, file TTTo2L2Nu_TuneCP5_13TeV-powheg-pythia8_Mtt1000toInf_1_hadd.root
-------------------------------------------------------
Opening  10 files:
63791484.0. # from integral 64310000.0, file TTTo2L2Nu_TuneCP5_13TeV-powheg-pythia8_Mtt700to1000_1_hadd.root
-------------------------------------------------------
132725582.0. # from integral 133808000.0, file TTToHadronic_TuneCP5_13TeV-powheg-pythia8_Mtt0to700_hadd.root
-------------------------------------------------------
132725582.0. # from integral 133808000.0, file TTToHadronic_TuneCP5_13TeV-powheg-pythia8_Mtt1000toInf_hadd.root
-------------------------------------------------------
132725582.0. # from integral 133808000.0, file TTToHadronic_TuneCP5_13TeV-powheg-pythia8_Mtt700to1000_hadd.root
-------------------------------------------------------
Opening  7 files:
100728756.0. # from integral 101550000.0, file TTToSemiLeptonic_TuneCP5_13TeV-powheg-pythia8_Mtt0to700_1_hadd.root
-------------------------------------------------------
Opening  7 files:
100728756.0. # from integral 101550000.0, file TTToSemiLeptonic_TuneCP5_13TeV-powheg-pythia8_Mtt1000toInf_1_hadd.root
-------------------------------------------------------
Opening  7 files:
100728756.0. # from integral 101550000.0, file TTToSemiLeptonic_TuneCP5_13TeV-powheg-pythia8_Mtt700to1000_1_hadd.root
-------------------------------------------------------
Opening  2 files:
2686095.0. # from integral 4911941.0, file TTWJetsToLNu_TuneCP5_13TeV-amcatnloFXFX-madspin-pythia8_1_hadd.root
-------------------------------------------------------
Opening  4 files:
6274046.0. # from integral 13280000.0, file TTZToLLNuNu_M-10_TuneCP5_13TeV-amcatnlo-pythia8_1_hadd.root
-------------------------------------------------------
Opening  2 files:
22618461.0. # from integral 23847283.0, file TT_Mtt-1000toInf_TuneCP5_13TeV-powheg-pythia8_1_hadd.root
-------------------------------------------------------
Opening  12 files:
37813675.0. # from integral 38538593.0, file TT_Mtt-700to1000_TuneCP5_PSweights_13TeV-powheg-pythia8_1_hadd.root
-------------------------------------------------------
827332.966199. # from integral 832000.0, file TprimeTprime_M-1000_TuneCP5_PSweights_13TeV-madgraph-pythia8_BWBW_hadd.root
-------------------------------------------------------
823202.577692. # from integral 838000.0, file TprimeTprime_M-1100_TuneCP5_PSweights_13TeV-madgraph-pythia8_BWBW_hadd.root
-------------------------------------------------------
829110.64668. # from integral 841000.0, file TprimeTprime_M-1200_TuneCP5_PSweights_13TeV-madgraph-pythia8_BWBW_hadd.root
-------------------------------------------------------
834787.250979. # from integral 850000.0, file TprimeTprime_M-1300_TuneCP5_PSweights_13TeV-madgraph-pythia8_BWBW_hadd.root
-------------------------------------------------------
805632.42316. # from integral 832000.0, file TprimeTprime_M-1400_TuneCP5_PSweights_13TeV-madgraph-pythia8_BWBW_hadd.root
-------------------------------------------------------
774955.14096. # from integral 810000.0, file TprimeTprime_M-1500_TuneCP5_PSweights_13TeV-madgraph-pythia8_BWBW_hadd.root
-------------------------------------------------------
778422.27729. # from integral 832000.0, file TprimeTprime_M-1600_TuneCP5_PSweights_13TeV-madgraph-pythia8_BWBW_hadd.root
-------------------------------------------------------
772916.913122. # from integral 844000.0, file TprimeTprime_M-1700_TuneCP5_PSweights_13TeV-madgraph-pythia8_BWBW_hadd.root
-------------------------------------------------------
764802.36952. # from integral 850000.0, file TprimeTprime_M-1800_TuneCP5_PSweights_13TeV-madgraph-pythia8_BWBW_hadd.root
-------------------------------------------------------
Opening  12 files:
7571583.0. # from integral 7633949.0, file WJetsToLNu_HT-1200To2500_TuneCP5_13TeV-madgraphMLM-pythia8_1_hadd.root
-------------------------------------------------------
Opening  7 files:
25423155.0. # from integral 25468933.0, file WJetsToLNu_HT-200To400_TuneCP5_13TeV-madgraphMLM-pythia8_1_hadd.root
-------------------------------------------------------
Opening  2 files:
3191612.0. # from integral 3273980.0, file WJetsToLNu_HT-2500ToInf_TuneCP5_13TeV-madgraphMLM-pythia8_1_hadd.root
-------------------------------------------------------
Opening  7 files:
5915969.0. # from integral 5932701.0, file WJetsToLNu_HT-400To600_TuneCP5_13TeV-madgraphMLM-pythia8_1_hadd.root
-------------------------------------------------------
Opening  7 files:
19699782.0. # from integral 19771294.0, file WJetsToLNu_HT-600To800_TuneCP5_13TeV-madgraphMLM-pythia8_1_hadd.root
-------------------------------------------------------
Opening  10 files:
8362227.0. # from integral 8402687.0, file WJetsToLNu_HT-800To1200_TuneCP5_13TeV-madgraphMLM-pythia8_1_hadd.root
-------------------------------------------------------
7958000.0. # from integral 7958000.0, file WW_TuneCP5_PSweights_13TeV-pythia8_hadd.root
-------------------------------------------------------
3893000.0. # from integral 3893000.0, file WZ_TuneCP5_PSweights_13TeV-pythia8_hadd.root
-------------------------------------------------------
1979000.0. # from integral 1979000.0, file ZZ_TuneCP5_13TeV-pythia8_hadd.root
-------------------------------------------------------
4921794.0. # from integral 5026996.0, file ttHToNonbb_M125_TuneCP5_13TeV-powheg-pythia8_1_hadd.root
-------------------------------------------------------
4370783.0. # from integral 4463999.0, file ttHTobb_M125_TuneCP5_13TeV-powheg-pythia8_1_hadd.root
[?1034h-------------------------------------------------------
Opening  2 files:
7368333.0. # from integral 7525991.0, file ttHToNonbb_M125_TuneCP5_13TeV-powheg-pythia8_1_hadd.root
-------------------------------------------------------
Opening  3 files:
11590377.0. # from integral 11835999.0, file ttHTobb_M125_TuneCP5_13TeV-powheg-pythia8_1_hadd.root
