---------------------BprimeBprime_M-1000_TuneCP5_PSweights_13TeV-madgraph-pythia8--------------------------
837902.343. # from integral 844000.0
MuRF up yield = 1128984.96
MuRF dn yield = 637060.031
PDF up yield = 840486.309
PDF dn yield = 833902.344
MUup scale factor = 0.742
MUdn scale factor = 1.315
PDFup scale factor = 0.997
PDFdn scale factor = 1.005
---------------------BprimeBprime_M-1100_TuneCP5_PSweights_13TeV-madgraph-pythia8--------------------------
842844.78. # from integral 850000.0
MuRF up yield = 1136020.489
MuRF dn yield = 640470.417
PDF up yield = 845922.115
PDF dn yield = 838348.532
MUup scale factor = 0.742
MUdn scale factor = 1.316
PDFup scale factor = 0.996
PDFdn scale factor = 1.005
---------------------BprimeBprime_M-1200_TuneCP5_PSweights_13TeV-madgraph-pythia8--------------------------
832838.867. # from integral 844000.0
MuRF up yield = 1124277.704
MuRF dn yield = 631884.745
PDF up yield = 836371.255
PDF dn yield = 826337.419
MUup scale factor = 0.741
MUdn scale factor = 1.318
PDFup scale factor = 0.996
PDFdn scale factor = 1.008
---------------------BprimeBprime_M-1300_TuneCP5_PSweights_13TeV-madgraph-pythia8--------------------------
836190.807. # from integral 850000.0
MuRF up yield = 1127723.275
MuRF dn yield = 635125.402
PDF up yield = 841203.499
PDF dn yield = 826653.298
MUup scale factor = 0.741
MUdn scale factor = 1.317
PDFup scale factor = 0.994
PDFdn scale factor = 1.012
---------------------BprimeBprime_M-1400_TuneCP5_PSweights_13TeV-madgraph-pythia8--------------------------
787197.451. # from integral 810000.0
MuRF up yield = 1065104.064
MuRF dn yield = 595908.938
PDF up yield = 794585.554
PDF dn yield = 775525.75
MUup scale factor = 0.739
MUdn scale factor = 1.321
PDFup scale factor = 0.991
PDFdn scale factor = 1.015
---------------------BprimeBprime_M-1500_TuneCP5_PSweights_13TeV-madgraph-pythia8--------------------------
809813.569. # from integral 850000.0
MuRF up yield = 1101436.401
MuRF dn yield = 609838.154
PDF up yield = 820375.737
PDF dn yield = 794323.67
MUup scale factor = 0.735
MUdn scale factor = 1.328
PDFup scale factor = 0.987
PDFdn scale factor = 1.02
---------------------BprimeBprime_M-1600_TuneCP5_PSweights_13TeV-madgraph-pythia8--------------------------
754591.519. # from integral 810000.0
MuRF up yield = 1030797.967
MuRF dn yield = 565604.86
PDF up yield = 766748.55
PDF dn yield = 735520.812
MUup scale factor = 0.732
MUdn scale factor = 1.334
PDFup scale factor = 0.984
PDFdn scale factor = 1.026
---------------------BprimeBprime_M-1700_TuneCP5_PSweights_13TeV-madgraph-pythia8--------------------------
736994.113. # from integral 832000.0
MuRF up yield = 1023276.057
MuRF dn yield = 543659.731
PDF up yield = 751713.809
PDF dn yield = 715803.634
MUup scale factor = 0.72
MUdn scale factor = 1.356
PDFup scale factor = 0.98
PDFdn scale factor = 1.03
---------------------BprimeBprime_M-1800_TuneCP5_PSweights_13TeV-madgraph-pythia8--------------------------
1369996.495. # from integral 826000.0
MuRF up yield = 1601860.643
MuRF dn yield = 1076966.446
PDF up yield = 1462296.042
PDF dn yield = 1209608.817
MUup scale factor = 0.855
MUdn scale factor = 1.272
PDFup scale factor = 0.937
PDFdn scale factor = 1.133
---------------------TprimeTprime_M-1000_TuneCP5_PSweights_13TeV-madgraph-pythia8--------------------------
827332.967. # from integral 832000.0
MuRF up yield = 1113167.95
MuRF dn yield = 629763.163
PDF up yield = 829762.773
PDF dn yield = 823318.767
MUup scale factor = 0.743
MUdn scale factor = 1.314
PDFup scale factor = 0.997
PDFdn scale factor = 1.005
---------------------TprimeTprime_M-1100_TuneCP5_PSweights_13TeV-madgraph-pythia8--------------------------
823202.578. # from integral 838000.0
MuRF up yield = 1116335.646
MuRF dn yield = 622037.548
PDF up yield = 826702.432
PDF dn yield = 819614.072
MUup scale factor = 0.737
MUdn scale factor = 1.323
PDFup scale factor = 0.996
PDFdn scale factor = 1.004
---------------------TprimeTprime_M-1200_TuneCP5_PSweights_13TeV-madgraph-pythia8--------------------------
829110.647. # from integral 841000.0
MuRF up yield = 1119776.935
MuRF dn yield = 628894.431
PDF up yield = 832656.307
PDF dn yield = 823117.252
MUup scale factor = 0.74
MUdn scale factor = 1.318
PDFup scale factor = 0.996
PDFdn scale factor = 1.007
---------------------TprimeTprime_M-1300_TuneCP5_PSweights_13TeV-madgraph-pythia8--------------------------
834787.252. # from integral 850000.0
MuRF up yield = 1126537.279
MuRF dn yield = 633575.451
PDF up yield = 840238.274
PDF dn yield = 825517.393
MUup scale factor = 0.741
MUdn scale factor = 1.318
PDFup scale factor = 0.994
PDFdn scale factor = 1.011
---------------------TprimeTprime_M-1400_TuneCP5_PSweights_13TeV-madgraph-pythia8--------------------------
805632.424. # from integral 832000.0
MuRF up yield = 1092645.843
MuRF dn yield = 608462.455
PDF up yield = 812795.722
PDF dn yield = 794210.791
MUup scale factor = 0.737
MUdn scale factor = 1.324
PDFup scale factor = 0.991
PDFdn scale factor = 1.014
---------------------TprimeTprime_M-1500_TuneCP5_PSweights_13TeV-madgraph-pythia8--------------------------
774955.142. # from integral 810000.0
MuRF up yield = 1051300.591
MuRF dn yield = 585156.685
PDF up yield = 785332.516
PDF dn yield = 759569.464
MUup scale factor = 0.737
MUdn scale factor = 1.324
PDFup scale factor = 0.987
PDFdn scale factor = 1.02
---------------------TprimeTprime_M-1600_TuneCP5_PSweights_13TeV-madgraph-pythia8--------------------------
795252.703. # from integral 850000.0
MuRF up yield = 1083118.109
MuRF dn yield = 598618.03
PDF up yield = 808246.3
PDF dn yield = 774104.883
MUup scale factor = 0.734
MUdn scale factor = 1.328
PDFup scale factor = 0.984
PDFdn scale factor = 1.027
---------------------TprimeTprime_M-1700_TuneCP5_PSweights_13TeV-madgraph-pythia8--------------------------
778494.385. # from integral 850000.0
MuRF up yield = 1059718.027
MuRF dn yield = 585533.68
PDF up yield = 796644.985
PDF dn yield = 751228.613
MUup scale factor = 0.735
MUdn scale factor = 1.33
PDFup scale factor = 0.977
PDFdn scale factor = 1.036
---------------------TprimeTprime_M-1800_TuneCP5_PSweights_13TeV-madgraph-pythia8--------------------------
764802.37. # from integral 850000.0
MuRF up yield = 1033899.269
MuRF dn yield = 579046.793
PDF up yield = 789016.741
PDF dn yield = 727500.044
MUup scale factor = 0.74
MUdn scale factor = 1.321
PDFup scale factor = 0.969
PDFdn scale factor = 1.051
