---------------------BprimeBprime_M-1000_TuneCP5_PSweights_13TeV-madgraph-pythia8--------------------------
1003421.665. # from integral 844000.0
error/pdfvars[0] = 0.048
Up SF = pdfvars[0]/(pdfvars[0] + error) = 0.954
Dn SF = pdfvars[0]/(pdfvars[0] - error) = 1.05
MUup SF = 0.743
MUdn SF = 1.314
---------------------BprimeBprime_M-1100_TuneCP5_PSweights_13TeV-madgraph-pythia8--------------------------
1021828.79. # from integral 850000.0
error/pdfvars[0] = 0.052
Up SF = pdfvars[0]/(pdfvars[0] + error) = 0.951
Dn SF = pdfvars[0]/(pdfvars[0] - error) = 1.055
MUup SF = 0.742
MUdn SF = 1.316
---------------------BprimeBprime_M-1200_TuneCP5_PSweights_13TeV-madgraph-pythia8--------------------------
1020164.846. # from integral 844000.0
error/pdfvars[0] = 0.056
Up SF = pdfvars[0]/(pdfvars[0] + error) = 0.947
Dn SF = pdfvars[0]/(pdfvars[0] - error) = 1.06
MUup SF = 0.741
MUdn SF = 1.318
---------------------BprimeBprime_M-1300_TuneCP5_PSweights_13TeV-madgraph-pythia8--------------------------
1027983.479. # from integral 850000.0
error/pdfvars[0] = 0.062
Up SF = pdfvars[0]/(pdfvars[0] + error) = 0.942
Dn SF = pdfvars[0]/(pdfvars[0] - error) = 1.066
MUup SF = 0.741
MUdn SF = 1.317
---------------------BprimeBprime_M-1400_TuneCP5_PSweights_13TeV-madgraph-pythia8--------------------------
975159.796. # from integral 810000.0
error/pdfvars[0] = 0.068
Up SF = pdfvars[0]/(pdfvars[0] + error) = 0.937
Dn SF = pdfvars[0]/(pdfvars[0] - error) = 1.073
MUup SF = 0.739
MUdn SF = 1.321
---------------------BprimeBprime_M-1500_TuneCP5_PSweights_13TeV-madgraph-pythia8--------------------------
1010764.21. # from integral 850000.0
error/pdfvars[0] = 0.076
Up SF = pdfvars[0]/(pdfvars[0] + error) = 0.929
Dn SF = pdfvars[0]/(pdfvars[0] - error) = 1.082
MUup SF = 0.735
MUdn SF = 1.328
---------------------BprimeBprime_M-1600_TuneCP5_PSweights_13TeV-madgraph-pythia8--------------------------
943449.549. # from integral 810000.0
error/pdfvars[0] = 0.086
Up SF = pdfvars[0]/(pdfvars[0] + error) = 0.921
Dn SF = pdfvars[0]/(pdfvars[0] - error) = 1.094
MUup SF = 0.732
MUdn SF = 1.334
---------------------BprimeBprime_M-1700_TuneCP5_PSweights_13TeV-madgraph-pythia8--------------------------
932757.943. # from integral 832000.0
error/pdfvars[0] = 0.098
Up SF = pdfvars[0]/(pdfvars[0] + error) = 0.911
Dn SF = pdfvars[0]/(pdfvars[0] - error) = 1.109
MUup SF = 0.72
MUdn SF = 1.356
---------------------BprimeBprime_M-1800_TuneCP5_PSweights_13TeV-madgraph-pythia8--------------------------
882458.436. # from integral 826000.0
error/pdfvars[0] = 0.113
Up SF = pdfvars[0]/(pdfvars[0] + error) = 0.898
Dn SF = pdfvars[0]/(pdfvars[0] - error) = 1.128
MUup SF = 0.855
MUdn SF = 1.272
---------------------TprimeTprime_M-1000_TuneCP5_PSweights_13TeV-madgraph-pythia8--------------------------
988591.585. # from integral 832000.0
error/pdfvars[0] = 0.048
Up SF = pdfvars[0]/(pdfvars[0] + error) = 0.954
Dn SF = pdfvars[0]/(pdfvars[0] - error) = 1.05
MUup SF = 0.743
MUdn SF = 1.314
---------------------TprimeTprime_M-1100_TuneCP5_PSweights_13TeV-madgraph-pythia8--------------------------
1006338.443. # from integral 838000.0
error/pdfvars[0] = 0.052
Up SF = pdfvars[0]/(pdfvars[0] + error) = 0.951
Dn SF = pdfvars[0]/(pdfvars[0] - error) = 1.055
MUup SF = 0.737
MUdn SF = 1.323
---------------------TprimeTprime_M-1200_TuneCP5_PSweights_13TeV-madgraph-pythia8--------------------------
1015599.881. # from integral 841000.0
error/pdfvars[0] = 0.056
Up SF = pdfvars[0]/(pdfvars[0] + error) = 0.947
Dn SF = pdfvars[0]/(pdfvars[0] - error) = 1.06
MUup SF = 0.74
MUdn SF = 1.318
---------------------TprimeTprime_M-1300_TuneCP5_PSweights_13TeV-madgraph-pythia8--------------------------
1027236.813. # from integral 850000.0
error/pdfvars[0] = 0.061
Up SF = pdfvars[0]/(pdfvars[0] + error) = 0.942
Dn SF = pdfvars[0]/(pdfvars[0] - error) = 1.065
MUup SF = 0.741
MUdn SF = 1.318
---------------------TprimeTprime_M-1400_TuneCP5_PSweights_13TeV-madgraph-pythia8--------------------------
1003266.43. # from integral 832000.0
error/pdfvars[0] = 0.068
Up SF = pdfvars[0]/(pdfvars[0] + error) = 0.936
Dn SF = pdfvars[0]/(pdfvars[0] - error) = 1.073
MUup SF = 0.737
MUdn SF = 1.324
---------------------TprimeTprime_M-1500_TuneCP5_PSweights_13TeV-madgraph-pythia8--------------------------
963700.784. # from integral 810000.0
error/pdfvars[0] = 0.076
Up SF = pdfvars[0]/(pdfvars[0] + error) = 0.929
Dn SF = pdfvars[0]/(pdfvars[0] - error) = 1.082
MUup SF = 0.737
MUdn SF = 1.324
---------------------TprimeTprime_M-1600_TuneCP5_PSweights_13TeV-madgraph-pythia8--------------------------
988854.229. # from integral 850000.0
error/pdfvars[0] = 0.086
Up SF = pdfvars[0]/(pdfvars[0] + error) = 0.921
Dn SF = pdfvars[0]/(pdfvars[0] - error) = 1.094
MUup SF = 0.734
MUdn SF = 1.328
---------------------TprimeTprime_M-1700_TuneCP5_PSweights_13TeV-madgraph-pythia8--------------------------
953395.981. # from integral 850000.0
error/pdfvars[0] = 0.098
Up SF = pdfvars[0]/(pdfvars[0] + error) = 0.911
Dn SF = pdfvars[0]/(pdfvars[0] - error) = 1.109
MUup SF = 0.735
MUdn SF = 1.33
---------------------TprimeTprime_M-1800_TuneCP5_PSweights_13TeV-madgraph-pythia8--------------------------
907874.112. # from integral 850000.0
error/pdfvars[0] = 0.113
Up SF = pdfvars[0]/(pdfvars[0] + error) = 0.898
Dn SF = pdfvars[0]/(pdfvars[0] - error) = 1.128
MUup SF = 0.74
MUdn SF = 1.321
---------------------BprimeBprime_M-900_TuneCP5_PSweights_13TeV-madgraph-pythia8--------------------------
951074.915. # from integral 810000.0
error/pdfvars[0] = 0.045
Up SF = pdfvars[0]/(pdfvars[0] + error) = 0.957
Dn SF = pdfvars[0]/(pdfvars[0] - error) = 1.047
MUup SF = 0.744
MUdn SF = 1.312
---------------------TprimeTprime_M-900_TuneCP5_PSweights_13TeV-madgraph-pythia8--------------------------
983788.102. # from integral 838000.0
error/pdfvars[0] = 0.045
Up SF = pdfvars[0]/(pdfvars[0] + error) = 0.957
Dn SF = pdfvars[0]/(pdfvars[0] - error) = 1.047
MUup SF = 0.744
MUdn SF = 1.312
